============================= test session starts ==============================
platform linux -- Python 3.12.3, pytest-8.4.2, pluggy-1.6.0 -- /usr/bin/python3
cachedir: .pytest_cache
rootdir: /mnt/merged_ssd/Zotero/zotero-mcp
configfile: pyproject.toml
plugins: anyio-4.11.0
collecting ... collected 39 items

tests/test_autoexport.py::test_ensure_auto_export_fallback PASSED        [  2%]
tests/test_autoexport.py::test_ensure_auto_export_available PASSED       [  5%]
tests/test_bbt_autoexport.py::test_bbt_ensure_auto_export_job_fallback PASSED [  7%]
tests/test_bbt_autoexport.py::test_bbt_ensure_auto_export_job_create PASSED [ 10%]
tests/test_bbt_autoexport.py::test_bbt_ensure_auto_export_job_verify PASSED [ 12%]
tests/test_bibliography.py::test_export_bibliography_csljson PASSED      [ 15%]
tests/test_bibliography.py::test_export_bibliography_collection PASSED   [ 17%]
tests/test_bibliography.py::test_ensure_style_download PASSED            [ 20%]
tests/test_bibliography.py::test_ensure_yaml_citations PASSED            [ 23%]
tests/test_citations.py::test_insert_citation_pandoc PASSED              [ 25%]
tests/test_citations.py::test_insert_citation_latex PASSED               [ 28%]
tests/test_citations.py::test_resolve_citekeys_from_csljson PASSED       [ 30%]
tests/test_citations.py::test_suggest_citations_basic PASSED             [ 33%]
tests/test_citations.py::test_resolve_citekeys_prefer_bbt PASSED         [ 35%]
tests/test_client.py::test_get_zotero_client_with_api_key PASSED         [ 38%]
tests/test_client.py::test_get_zotero_client_missing_api_key PASSED      [ 41%]
tests/test_client.py::test_get_zotero_client_local_mode PASSED           [ 43%]
tests/test_client.py::test_get_zotero_client_local_mode_with_library_id PASSED [ 46%]
tests/test_collections.py::test_get_collections_basic PASSED             [ 48%]
tests/test_collections.py::test_get_collections_parent_filter PASSED     [ 51%]
tests/test_convenience.py::test_open_in_zotero_user_default PASSED       [ 53%]
tests/test_convenience.py::test_open_in_zotero_group_with_id PASSED      [ 56%]
tests/test_convenience.py::test_open_in_zotero_env_group PASSED          [ 58%]
tests/test_item_operations.py::test_get_item_metadata PASSED             [ 61%]
tests/test_item_operations.py::test_get_item_metadata_not_found PASSED   [ 64%]
tests/test_item_operations.py::test_get_item_fulltext PASSED             [ 66%]
tests/test_item_operations.py::test_get_item_fulltext_no_attachment PASSED [ 69%]
tests/test_search.py::test_search_items_basic PASSED                     [ 71%]
tests/test_search.py::test_search_items_no_results PASSED                [ 74%]
tests/test_search.py::test_search_items_custom_params PASSED             [ 76%]
tests/test_validate_and_build.py::test_validate_references FAILED        [ 79%]
tests/test_validate_and_build.py::test_build_exports_invokes_pandoc PASSED [ 82%]
tests/test_validate_and_build.py::test_validate_references_require_doi_url PASSED [ 84%]
tests/test_write.py::test_create_item_success PASSED                     [ 87%]
tests/test_write.py::test_create_item_validate_only_success PASSED       [ 89%]
tests/test_write.py::test_update_item_patch_success PASSED               [ 92%]
tests/test_write.py::test_add_note_success PASSED                        [ 94%]
tests/test_write.py::test_set_tags_replace PASSED                        [ 97%]
tests/test_write.py::test_write_guard_local PASSED                       [100%]

=================================== FAILURES ===================================
___________________________ test_validate_references ___________________________
tests/test_validate_and_build.py:27: in test_validate_references
    assert "Missing fields: 0" in out
E   assert 'Missing fields: 0' in '# Validation report\nUnresolved: 1\nDuplicate keys: 0\nMissing fields: 1\nDuplicate citations: 0\nUnused entries: 0\n\n### result\n```json\n{"unresolvedKeys":["missing"],"duplicateKeys":[],"duplicateCitations":[],"missingFields":[{"key":"key1","fields":["doi/url"]}],"unusedEntries":[],"suggestions":{}}\n```'
=========================== short test summary info ============================
FAILED tests/test_validate_and_build.py::test_validate_references - assert 'M...
========================= 1 failed, 38 passed in 1.85s =========================
